android/app/src/main/res/build/app/intermediates/manifest_merge_blame_file/debug/manifest-merger-blame-debug-report.txt
1<?xml version="1.0" encoding="utf-8"?>
2<manifest xmlns:android="http://schemas.android.com/apk/res/android"
3    package="com.brhah.optima"
4    android:versionCode="33"
5    android:versionName="4.4.0" >
6
7    <uses-sdk
8        android:minSdkVersion="23"
9        android:targetSdkVersion="33" />
10    <!--
11         The INTERNET permission is required for development. Specifically,
12         the Flutter tool needs it to communicate with the running application
13         to allow setting breakpoints, to provide hot reload, etc.
14    -->
15    <uses-permission android:name="android.permission.INTERNET" />
15-->src\main\AndroidManifest.xml:6:5-66
15-->src\main\AndroidManifest.xml:6:22-64
16    <uses-permission android:name="android.permission.READ_MEDIA_IMAGES" />
16-->src\main\AndroidManifest.xml:4:7-78
16-->src\main\AndroidManifest.xml:4:24-75
17    <uses-permission android:name="android.permission.ACCESS_FINE_LOCATION" />
17-->src\main\AndroidManifest.xml:7:5-78
17-->src\main\AndroidManifest.xml:7:22-76
18    <uses-permission android:name="android.permission.ACCESS_COARSE_LOCATION" /> <!-- <uses-permission android:name="android.permission.REQUEST_INSTALL_PACKAGES" /> -->
18-->src\main\AndroidManifest.xml:8:5-81
18-->src\main\AndroidManifest.xml:8:22-78
19    <uses-permission android:name="android.permission.WRITE_EXTERNAL_STORAGE" />
19-->src\main\AndroidManifest.xml:11:5-80
19-->src\main\AndroidManifest.xml:11:22-78
20    <uses-permission android:name="android.permission.READ_EXTERNAL_STORAGE" />
20-->src\main\AndroidManifest.xml:12:5-79
20-->src\main\AndroidManifest.xml:12:22-77
21    <uses-permission android:name="android.permission.ACCESS_MEDIA_LOCATION" />
21-->src\main\AndroidManifest.xml:13:5-79
21-->src\main\AndroidManifest.xml:13:22-77
22
23    <queries>
23-->src\main\AndroidManifest.xml:168:5-181:15
24
25        <!-- If your app checks for SMS support -->
26        <intent>
26-->src\main\AndroidManifest.xml:170:9-173:18
27            <action android:name="android.intent.action.VIEW" />
27-->src\main\AndroidManifest.xml:171:13-65
27-->src\main\AndroidManifest.xml:171:21-62
28
29            <data android:scheme="sms" />
29-->src\main\AndroidManifest.xml:172:13-42
29-->src\main\AndroidManifest.xml:172:19-39
30        </intent>
31
32        <!-- If your app checks for call support -->
33
34        <intent>
34-->src\main\AndroidManifest.xml:177:9-180:18
35            <action android:name="android.intent.action.VIEW" />
35-->src\main\AndroidManifest.xml:171:13-65
35-->src\main\AndroidManifest.xml:171:21-62
36
37            <data android:scheme="tel" />
37-->src\main\AndroidManifest.xml:172:13-42
37-->src\main\AndroidManifest.xml:172:19-39
38        </intent>
39        <intent>
39-->[:flutter_downloader] AndroidManifest.xml:9:9-11:18
40            <action android:name="android.intent.action.VIEW" />
40-->src\main\AndroidManifest.xml:171:13-65
40-->src\main\AndroidManifest.xml:171:21-62
41        </intent> <!-- Needs to be explicitly declared on Android R+ -->
42        <package android:name="com.google.android.apps.maps" />
42-->[com.google.android.gms:play-services-maps:18.2.0] AndroidManifest.xml:33:9-64
42-->[com.google.android.gms:play-services-maps:18.2.0] AndroidManifest.xml:33:18-61
43    </queries>
44
45    <uses-permission android:name="android.permission.ACCESS_NETWORK_STATE" />
45-->[:connectivity_plus] AndroidManifest.xml:7:5-79
45-->[:connectivity_plus] AndroidManifest.xml:7:22-76
46    <uses-permission android:name="android.permission.WAKE_LOCK" /> <!-- Permissions options for the `notification` group -->
46-->[:firebase_messaging] AndroidManifest.xml:8:5-68
46-->[:firebase_messaging] AndroidManifest.xml:8:22-65
47    <uses-permission android:name="android.permission.POST_NOTIFICATIONS" />
47-->[:firebase_messaging] AndroidManifest.xml:11:5-77
47-->[:firebase_messaging] AndroidManifest.xml:11:22-74
48    <uses-permission android:name="android.permission.RECEIVE_BOOT_COMPLETED" />
48-->[:flutter_local_notifications] AndroidManifest.xml:7:5-81
48-->[:flutter_local_notifications] AndroidManifest.xml:7:22-78
49    <uses-permission android:name="android.permission.VIBRATE" />
49-->[:flutter_local_notifications] AndroidManifest.xml:8:5-66
49-->[:flutter_local_notifications] AndroidManifest.xml:8:22-63
50    <uses-permission android:name="android.permission.USE_FULL_SCREEN_INTENT" />
50-->[:flutter_local_notifications] AndroidManifest.xml:9:5-81
50-->[:flutter_local_notifications] AndroidManifest.xml:9:22-78
51    <uses-permission android:name="android.permission.SCHEDULE_EXACT_ALARM" />
51-->[:flutter_local_notifications] AndroidManifest.xml:10:5-79
51-->[:flutter_local_notifications] AndroidManifest.xml:10:22-76
52
53    <meta-data
53-->[:social_share] AndroidManifest.xml:8:5-10:29
54        android:name="flutterEmbedding"
54-->[:social_share] AndroidManifest.xml:9:9-40
55        android:value="2" /> <!-- Required by older versions of Google Play services to create IID tokens -->
55-->[:social_share] AndroidManifest.xml:10:9-26
56    <uses-permission android:name="com.google.android.c2dm.permission.RECEIVE" />
56-->[com.google.firebase:firebase-messaging:24.0.1] AndroidManifest.xml:26:5-82
56-->[com.google.firebase:firebase-messaging:24.0.1] AndroidManifest.xml:26:22-79
57    <uses-permission android:name="android.permission.ACCESS_ADSERVICES_ATTRIBUTION" />
57-->[com.google.android.gms:play-services-measurement-api:22.1.0] AndroidManifest.xml:26:5-88
57-->[com.google.android.gms:play-services-measurement-api:22.1.0] AndroidManifest.xml:26:22-85
58    <uses-permission android:name="android.permission.ACCESS_ADSERVICES_AD_ID" />
58-->[com.google.android.gms:play-services-measurement-api:22.1.0] AndroidManifest.xml:27:5-82
58-->[com.google.android.gms:play-services-measurement-api:22.1.0] AndroidManifest.xml:27:22-79
59    <uses-permission android:name="com.google.android.providers.gsf.permission.READ_GSERVICES" />
59-->[com.google.android.recaptcha:recaptcha:18.4.0] AndroidManifest.xml:9:5-98
59-->[com.google.android.recaptcha:recaptcha:18.4.0] AndroidManifest.xml:9:22-95
60
61    <uses-feature
61-->[com.google.android.gms:play-services-maps:18.2.0] AndroidManifest.xml:26:5-28:35
62        android:glEsVersion="0x00020000"
62-->[com.google.android.gms:play-services-maps:18.2.0] AndroidManifest.xml:27:9-41
63        android:required="true" />
63-->[com.google.android.gms:play-services-maps:18.2.0] AndroidManifest.xml:28:9-32
64
65    <uses-permission android:name="com.google.android.finsky.permission.BIND_GET_INSTALL_REFERRER_SERVICE" />
65-->[com.google.android.gms:play-services-measurement:22.1.0] AndroidManifest.xml:26:5-110
65-->[com.google.android.gms:play-services-measurement:22.1.0] AndroidManifest.xml:26:22-107
66    <uses-permission android:name="android.permission.FOREGROUND_SERVICE" />
66-->[androidx.work:work-runtime:2.7.1] AndroidManifest.xml:28:5-77
66-->[androidx.work:work-runtime:2.7.1] AndroidManifest.xml:28:22-74
67
68    <permission
68-->[androidx.core:core:1.13.1] AndroidManifest.xml:22:5-24:47
69        android:name="com.brhah.optima.DYNAMIC_RECEIVER_NOT_EXPORTED_PERMISSION"
69-->[androidx.core:core:1.13.1] AndroidManifest.xml:23:9-81
70        android:protectionLevel="signature" />
70-->[androidx.core:core:1.13.1] AndroidManifest.xml:24:9-44
71
72    <uses-permission android:name="com.brhah.optima.DYNAMIC_RECEIVER_NOT_EXPORTED_PERMISSION" />
72-->[androidx.core:core:1.13.1] AndroidManifest.xml:26:5-97
72-->[androidx.core:core:1.13.1] AndroidManifest.xml:26:22-94
73
74    <application
75        android:name="android.app.Application"
76        android:appComponentFactory="androidx.core.app.CoreComponentFactory"
76-->[androidx.core:core:1.13.1] AndroidManifest.xml:28:18-86
77        android:debuggable="true"
78        android:extractNativeLibs="false"
79        android:icon="@mipmap/ic_launcher"
80        android:label="برهه"
81        android:networkSecurityConfig="@xml/network_security_config"
82        android:requestLegacyExternalStorage="true"
83        android:usesCleartextTraffic="true" >
84        <provider
85            android:name="vn.hunghd.flutterdownloader.DownloadedFileProvider"
86            android:authorities="com.brhah.optima.flutter_downloader.provider"
87            android:exported="false"
88            android:grantUriPermissions="true" >
89            <meta-data
89-->[:image_picker_android] AndroidManifest.xml:13:13-15:75
90                android:name="android.support.FILE_PROVIDER_PATHS"
90-->[:image_picker_android] AndroidManifest.xml:14:17-67
91                android:resource="@xml/provider_paths" />
91-->[:image_picker_android] AndroidManifest.xml:15:17-72
92        </provider>
93        <!-- disable default Initializer -->
94        <provider
95            android:name="androidx.startup.InitializationProvider"
96            android:authorities="com.brhah.optima.androidx-startup"
97            android:exported="false" >
98            <meta-data
98-->[androidx.lifecycle:lifecycle-process:2.7.0] AndroidManifest.xml:29:13-31:52
99                android:name="androidx.lifecycle.ProcessLifecycleInitializer"
99-->[androidx.lifecycle:lifecycle-process:2.7.0] AndroidManifest.xml:30:17-78
100                android:value="androidx.startup" />
100-->[androidx.lifecycle:lifecycle-process:2.7.0] AndroidManifest.xml:31:17-49
101            <meta-data
101-->[androidx.profileinstaller:profileinstaller:1.3.1] AndroidManifest.xml:29:13-31:52
102                android:name="androidx.profileinstaller.ProfileInstallerInitializer"
102-->[androidx.profileinstaller:profileinstaller:1.3.1] AndroidManifest.xml:30:17-85
103                android:value="androidx.startup" />
103-->[androidx.profileinstaller:profileinstaller:1.3.1] AndroidManifest.xml:31:17-49
104        </provider>
105
106        <!-- declare customized Initializer -->
107        <provider
108            android:name="vn.hunghd.flutterdownloader.FlutterDownloaderInitializer"
109            android:authorities="com.brhah.optima.flutter-downloader-init"
110            android:exported="false" >
111
112            <!-- changes this number to configure the maximum number of concurrent tasks -->
113            <meta-data
114                android:name="vn.hunghd.flutterdownloader.MAX_CONCURRENT_TASKS"
115                android:value="5" />
116        </provider>
117        <!-- End FlutterDownloader customization -->
118
119        <activity
120            android:name="com.brhah.optima.MainActivity"
121            android:configChanges="orientation|keyboardHidden|keyboard|screenSize|smallestScreenSize|locale|layoutDirection|fontScale|screenLayout|density|uiMode"
122            android:exported="true"
123            android:hardwareAccelerated="true"
124            android:launchMode="singleTop"
125            android:theme="@style/LaunchTheme"
126            android:windowSoftInputMode="adjustResize" >
127
128            <!--
129                 Specifies an Android theme to apply to this Activity as soon as
130                 the Android process has started. This theme is visible to the user
131                 while the Flutter UI initializes. After that, this theme continues
132                 to determine the Window background behind the Flutter UI.
133            -->
134            <meta-data
135                android:name="io.flutter.embedding.android.NormalTheme"
136                android:resource="@style/NormalTheme" />
137            <!--
138                 Displays an Android View that continues showing the launch screen
139                 Drawable until Flutter paints its first frame, then this splash
140                 screen fades out. A splash screen is useful to avoid any visual
141                 gap between the end of Android's launch screen and the painting of
142                 Flutter's first frame.
143            -->
144            <meta-data
145                android:name="io.flutter.embedding.android.SplashScreenDrawable"
146                android:resource="@drawable/launch_background" />
147
148            <intent-filter>
149                <action android:name="android.intent.action.MAIN" />
150
151                <category android:name="android.intent.category.LAUNCHER" />
152            </intent-filter>
153            <intent-filter>
154                <action android:name="FLUTTER_NOTIFICATION_CLICK" />
155
156                <category android:name="android.intent.category.DEFAULT" />
156-->[com.google.firebase:firebase-auth:23.0.0] AndroidManifest.xml:38:17-76
156-->[com.google.firebase:firebase-auth:23.0.0] AndroidManifest.xml:38:27-73
157            </intent-filter>
158            <intent-filter>
159                <action android:name="android.intent.action.VIEW" />
159-->src\main\AndroidManifest.xml:171:13-65
159-->src\main\AndroidManifest.xml:171:21-62
160
161                <category android:name="android.intent.category.DEFAULT" />
161-->[com.google.firebase:firebase-auth:23.0.0] AndroidManifest.xml:38:17-76
161-->[com.google.firebase:firebase-auth:23.0.0] AndroidManifest.xml:38:27-73
162                <category android:name="android.intent.category.BROWSABLE" />
162-->[com.google.firebase:firebase-auth:23.0.0] AndroidManifest.xml:39:17-78
162-->[com.google.firebase:firebase-auth:23.0.0] AndroidManifest.xml:39:27-75
163                <!-- Accepts URIs that begin with "example://gizmos” -->
164                <!-- Registered Callback URLs in TwitterApp -->
165                <data android:scheme="activeecommerceflutterapp" /> <!-- host is option -->
165-->src\main\AndroidManifest.xml:172:13-42
165-->src\main\AndroidManifest.xml:172:19-39
166            </intent-filter>
167        </activity>
168        <!--
169             Don't delete the meta-data below.
170             This is used by the Flutter tool to generate GeneratedPluginRegistrant.java
171        -->
172        <meta-data
172-->[:social_share] AndroidManifest.xml:8:5-10:29
173            android:name="flutterEmbedding"
173-->[:social_share] AndroidManifest.xml:9:9-40
174            android:value="2" />
174-->[:social_share] AndroidManifest.xml:10:9-26
175        <meta-data
176            android:name="com.google.android.geo.API_KEY"
177            android:value="" />
178
179        <!-- Facebook Login configuration -->
180        <meta-data
181            android:name="com.facebook.sdk.ApplicationId"
182            android:value="@string/facebook_app_id" />
183        <meta-data
184            android:name="com.facebook.sdk.ClientToken"
185            android:value="@string/facebook_client_token" />
186
187        <activity
188            android:name="com.facebook.FacebookActivity"
189            android:configChanges="keyboard|keyboardHidden|screenLayout|screenSize|orientation"
190            android:exported="true"
191            android:label="@string/app_name" />
192
193        <!-- Set up the Sign in with Apple activity, such that it's callable from the browser-redirect -->
194        <activity
195            android:name="com.aboutyou.dart_packages.sign_in_with_apple.SignInWithAppleCallback"
196            android:exported="true" >
197            <intent-filter>
198                <action android:name="android.intent.action.VIEW" />
198-->src\main\AndroidManifest.xml:171:13-65
198-->src\main\AndroidManifest.xml:171:21-62
199
200                <category android:name="android.intent.category.DEFAULT" />
200-->[com.google.firebase:firebase-auth:23.0.0] AndroidManifest.xml:38:17-76
200-->[com.google.firebase:firebase-auth:23.0.0] AndroidManifest.xml:38:27-73
201                <category android:name="android.intent.category.BROWSABLE" />
201-->[com.google.firebase:firebase-auth:23.0.0] AndroidManifest.xml:39:17-78
201-->[com.google.firebase:firebase-auth:23.0.0] AndroidManifest.xml:39:27-75
202
203                <data android:scheme="signinwithapple" />
203-->src\main\AndroidManifest.xml:172:13-42
203-->src\main\AndroidManifest.xml:172:19-39
204                <data android:path="callback" />
204-->src\main\AndroidManifest.xml:172:13-42
205            </intent-filter>
206        </activity>
207        <activity
208            android:name="com.facebook.CustomTabActivity"
209            android:exported="true" >
210            <intent-filter>
211                <action android:name="android.intent.action.VIEW" />
211-->src\main\AndroidManifest.xml:171:13-65
211-->src\main\AndroidManifest.xml:171:21-62
212
213                <category android:name="android.intent.category.DEFAULT" />
213-->[com.google.firebase:firebase-auth:23.0.0] AndroidManifest.xml:38:17-76
213-->[com.google.firebase:firebase-auth:23.0.0] AndroidManifest.xml:38:27-73
214                <category android:name="android.intent.category.BROWSABLE" />
214-->[com.google.firebase:firebase-auth:23.0.0] AndroidManifest.xml:39:17-78
214-->[com.google.firebase:firebase-auth:23.0.0] AndroidManifest.xml:39:27-75
215
216                <data android:scheme="@string/fb_login_protocol_scheme" />
216-->src\main\AndroidManifest.xml:172:13-42
216-->src\main\AndroidManifest.xml:172:19-39
217            </intent-filter>
218        </activity>
219
220        <provider
221            android:name="androidx.core.content.FileProvider"
222            android:authorities="com.brhah.optima.com.shekarmudaliyar.social_share"
223            android:exported="false"
224            android:grantUriPermissions="true" >
225            <meta-data
225-->[:image_picker_android] AndroidManifest.xml:13:13-15:75
226                android:name="android.support.FILE_PROVIDER_PATHS"
226-->[:image_picker_android] AndroidManifest.xml:14:17-67
227                android:resource="@xml/filepaths" />
227-->[:image_picker_android] AndroidManifest.xml:15:17-72
228        </provider>
229
230        <meta-data
231            android:name="com.google.firebase.messaging.default_notification_channel_id"
232            android:value="high_importance_channel" />
233
234        <service
234-->[:firebase_messaging] AndroidManifest.xml:14:9-17:72
235            android:name="io.flutter.plugins.firebase.messaging.FlutterFirebaseMessagingBackgroundService"
235-->[:firebase_messaging] AndroidManifest.xml:15:13-107
236            android:exported="false"
236-->[:firebase_messaging] AndroidManifest.xml:16:13-37
237            android:permission="android.permission.BIND_JOB_SERVICE" />
237-->[:firebase_messaging] AndroidManifest.xml:17:13-69
238        <service
238-->[:firebase_messaging] AndroidManifest.xml:18:9-24:19
239            android:name="io.flutter.plugins.firebase.messaging.FlutterFirebaseMessagingService"
239-->[:firebase_messaging] AndroidManifest.xml:19:13-97
240            android:exported="false" >
240-->[:firebase_messaging] AndroidManifest.xml:20:13-37
241            <intent-filter>
241-->[:firebase_messaging] AndroidManifest.xml:21:13-23:29
242                <action android:name="com.google.firebase.MESSAGING_EVENT" />
242-->[:firebase_messaging] AndroidManifest.xml:22:17-78
242-->[:firebase_messaging] AndroidManifest.xml:22:25-75
243            </intent-filter>
244        </service>
245
246        <receiver
246-->[:firebase_messaging] AndroidManifest.xml:26:9-33:20
247            android:name="io.flutter.plugins.firebase.messaging.FlutterFirebaseMessagingReceiver"
247-->[:firebase_messaging] AndroidManifest.xml:27:13-98
248            android:exported="true"
248-->[:firebase_messaging] AndroidManifest.xml:28:13-36
249            android:permission="com.google.android.c2dm.permission.SEND" >
249-->[:firebase_messaging] AndroidManifest.xml:29:13-73
250            <intent-filter>
250-->[:firebase_messaging] AndroidManifest.xml:30:13-32:29
251                <action android:name="com.google.android.c2dm.intent.RECEIVE" />
251-->[:firebase_messaging] AndroidManifest.xml:31:17-81
251-->[:firebase_messaging] AndroidManifest.xml:31:25-78
252            </intent-filter>
253        </receiver>
254
255        <service
255-->[:firebase_messaging] AndroidManifest.xml:35:9-39:19
256            android:name="com.google.firebase.components.ComponentDiscoveryService"
256-->[:firebase_messaging] AndroidManifest.xml:35:18-89
257            android:directBootAware="true"
257-->[com.google.firebase:firebase-common:21.0.0] AndroidManifest.xml:32:13-43
258            android:exported="false" >
258-->[com.google.firebase:firebase-firestore-ktx:25.1.0] AndroidManifest.xml:11:13-37
259            <meta-data
259-->[:firebase_messaging] AndroidManifest.xml:36:13-38:85
260                android:name="com.google.firebase.components:io.flutter.plugins.firebase.messaging.FlutterFirebaseAppRegistrar"
260-->[:firebase_messaging] AndroidManifest.xml:37:17-128
261                android:value="com.google.firebase.components.ComponentRegistrar" />
261-->[:firebase_messaging] AndroidManifest.xml:38:17-82
262            <meta-data
262-->[:firebase_core] AndroidManifest.xml:9:13-11:85
263                android:name="com.google.firebase.components:io.flutter.plugins.firebase.core.FlutterFirebaseCoreRegistrar"
263-->[:firebase_core] AndroidManifest.xml:10:17-124
264                android:value="com.google.firebase.components.ComponentRegistrar" />
264-->[:firebase_core] AndroidManifest.xml:11:17-82
265            <meta-data
265-->[com.google.firebase:firebase-firestore-ktx:25.1.0] AndroidManifest.xml:12:13-14:85
266                android:name="com.google.firebase.components:com.google.firebase.firestore.ktx.FirebaseFirestoreLegacyRegistrar"
266-->[com.google.firebase:firebase-firestore-ktx:25.1.0] AndroidManifest.xml:13:17-129
267                android:value="com.google.firebase.components.ComponentRegistrar" />
267-->[com.google.firebase:firebase-firestore-ktx:25.1.0] AndroidManifest.xml:14:17-82
268            <meta-data
268-->[com.google.firebase:firebase-analytics-ktx:22.1.0] AndroidManifest.xml:11:13-13:85
269                android:name="com.google.firebase.components:com.google.firebase.analytics.ktx.FirebaseAnalyticsLegacyRegistrar"
269-->[com.google.firebase:firebase-analytics-ktx:22.1.0] AndroidManifest.xml:12:17-129
270                android:value="com.google.firebase.components.ComponentRegistrar" />
270-->[com.google.firebase:firebase-analytics-ktx:22.1.0] AndroidManifest.xml:13:17-82
271            <meta-data
271-->[com.google.firebase:firebase-messaging:24.0.1] AndroidManifest.xml:57:13-59:85
272                android:name="com.google.firebase.components:com.google.firebase.messaging.FirebaseMessagingKtxRegistrar"
272-->[com.google.firebase:firebase-messaging:24.0.1] AndroidManifest.xml:58:17-122
273                android:value="com.google.firebase.components.ComponentRegistrar" />
273-->[com.google.firebase:firebase-messaging:24.0.1] AndroidManifest.xml:59:17-82
274            <meta-data
274-->[com.google.firebase:firebase-messaging:24.0.1] AndroidManifest.xml:60:13-62:85
275                android:name="com.google.firebase.components:com.google.firebase.messaging.FirebaseMessagingRegistrar"
275-->[com.google.firebase:firebase-messaging:24.0.1] AndroidManifest.xml:61:17-119
276                android:value="com.google.firebase.components.ComponentRegistrar" />
276-->[com.google.firebase:firebase-messaging:24.0.1] AndroidManifest.xml:62:17-82
277            <meta-data
277-->[com.google.firebase:firebase-auth-ktx:23.0.0] AndroidManifest.xml:11:13-13:85
278                android:name="com.google.firebase.components:com.google.firebase.auth.ktx.FirebaseAuthLegacyRegistrar"
278-->[com.google.firebase:firebase-auth-ktx:23.0.0] AndroidManifest.xml:12:17-119
279                android:value="com.google.firebase.components.ComponentRegistrar" />
279-->[com.google.firebase:firebase-auth-ktx:23.0.0] AndroidManifest.xml:13:17-82
280            <meta-data
280-->[com.google.firebase:firebase-auth:23.0.0] AndroidManifest.xml:69:13-71:85
281                android:name="com.google.firebase.components:com.google.firebase.auth.FirebaseAuthRegistrar"
281-->[com.google.firebase:firebase-auth:23.0.0] AndroidManifest.xml:70:17-109
282                android:value="com.google.firebase.components.ComponentRegistrar" />
282-->[com.google.firebase:firebase-auth:23.0.0] AndroidManifest.xml:71:17-82
283            <meta-data
283-->[com.google.firebase:firebase-firestore:25.1.0] AndroidManifest.xml:17:13-19:85
284                android:name="com.google.firebase.components:com.google.firebase.firestore.FirebaseFirestoreKtxRegistrar"
284-->[com.google.firebase:firebase-firestore:25.1.0] AndroidManifest.xml:18:17-122
285                android:value="com.google.firebase.components.ComponentRegistrar" />
285-->[com.google.firebase:firebase-firestore:25.1.0] AndroidManifest.xml:19:17-82
286            <meta-data
286-->[com.google.firebase:firebase-firestore:25.1.0] AndroidManifest.xml:20:13-22:85
287                android:name="com.google.firebase.components:com.google.firebase.firestore.FirestoreRegistrar"
287-->[com.google.firebase:firebase-firestore:25.1.0] AndroidManifest.xml:21:17-111
288                android:value="com.google.firebase.components.ComponentRegistrar" />
288-->[com.google.firebase:firebase-firestore:25.1.0] AndroidManifest.xml:22:17-82
289            <meta-data
289-->[com.google.android.gms:play-services-measurement-api:22.1.0] AndroidManifest.xml:37:13-39:85
290                android:name="com.google.firebase.components:com.google.firebase.analytics.connector.internal.AnalyticsConnectorRegistrar"
290-->[com.google.android.gms:play-services-measurement-api:22.1.0] AndroidManifest.xml:38:17-139
291                android:value="com.google.firebase.components.ComponentRegistrar" />
291-->[com.google.android.gms:play-services-measurement-api:22.1.0] AndroidManifest.xml:39:17-82
292            <meta-data
292-->[com.google.firebase:firebase-installations:18.0.0] AndroidManifest.xml:15:13-17:85
293                android:name="com.google.firebase.components:com.google.firebase.installations.FirebaseInstallationsKtxRegistrar"
293-->[com.google.firebase:firebase-installations:18.0.0] AndroidManifest.xml:16:17-130
294                android:value="com.google.firebase.components.ComponentRegistrar" />
294-->[com.google.firebase:firebase-installations:18.0.0] AndroidManifest.xml:17:17-82
295            <meta-data
295-->[com.google.firebase:firebase-installations:18.0.0] AndroidManifest.xml:18:13-20:85
296                android:name="com.google.firebase.components:com.google.firebase.installations.FirebaseInstallationsRegistrar"
296-->[com.google.firebase:firebase-installations:18.0.0] AndroidManifest.xml:19:17-127
297                android:value="com.google.firebase.components.ComponentRegistrar" />
297-->[com.google.firebase:firebase-installations:18.0.0] AndroidManifest.xml:20:17-82
298            <meta-data
298-->[com.google.firebase:firebase-common-ktx:21.0.0] AndroidManifest.xml:12:13-14:85
299                android:name="com.google.firebase.components:com.google.firebase.ktx.FirebaseCommonLegacyRegistrar"
299-->[com.google.firebase:firebase-common-ktx:21.0.0] AndroidManifest.xml:13:17-116
300                android:value="com.google.firebase.components.ComponentRegistrar" />
300-->[com.google.firebase:firebase-common-ktx:21.0.0] AndroidManifest.xml:14:17-82
301            <meta-data
301-->[com.google.firebase:firebase-common:21.0.0] AndroidManifest.xml:35:13-37:85
302                android:name="com.google.firebase.components:com.google.firebase.FirebaseCommonKtxRegistrar"
302-->[com.google.firebase:firebase-common:21.0.0] AndroidManifest.xml:36:17-109
303                android:value="com.google.firebase.components.ComponentRegistrar" />
303-->[com.google.firebase:firebase-common:21.0.0] AndroidManifest.xml:37:17-82
304            <meta-data
304-->[com.google.firebase:firebase-datatransport:18.2.0] AndroidManifest.xml:25:13-27:85
305                android:name="com.google.firebase.components:com.google.firebase.datatransport.TransportRegistrar"
305-->[com.google.firebase:firebase-datatransport:18.2.0] AndroidManifest.xml:26:17-115
306                android:value="com.google.firebase.components.ComponentRegistrar" />
306-->[com.google.firebase:firebase-datatransport:18.2.0] AndroidManifest.xml:27:17-82
307        </service>
308
309        <provider
309-->[:firebase_messaging] AndroidManifest.xml:41:9-45:38
310            android:name="io.flutter.plugins.firebase.messaging.FlutterFirebaseMessagingInitProvider"
310-->[:firebase_messaging] AndroidManifest.xml:42:13-102
311            android:authorities="com.brhah.optima.flutterfirebasemessaginginitprovider"
311-->[:firebase_messaging] AndroidManifest.xml:43:13-88
312            android:exported="false"
312-->[:firebase_messaging] AndroidManifest.xml:44:13-37
313            android:initOrder="99" />
313-->[:firebase_messaging] AndroidManifest.xml:45:13-35
314
315        <receiver
315-->[:flutter_local_notifications] AndroidManifest.xml:14:9-16:40
316            android:name="com.dexterous.flutterlocalnotifications.ActionBroadcastReceiver"
316-->[:flutter_local_notifications] AndroidManifest.xml:15:13-91
317            android:exported="false" />
317-->[:flutter_local_notifications] AndroidManifest.xml:16:13-37
318        <receiver
318-->[:flutter_local_notifications] AndroidManifest.xml:17:9-19:40
319            android:name="com.dexterous.flutterlocalnotifications.ScheduledNotificationReceiver"
319-->[:flutter_local_notifications] AndroidManifest.xml:18:13-97
320            android:exported="false" />
320-->[:flutter_local_notifications] AndroidManifest.xml:19:13-37
321        <receiver
321-->[:flutter_local_notifications] AndroidManifest.xml:20:9-29:20
322            android:name="com.dexterous.flutterlocalnotifications.ScheduledNotificationBootReceiver"
322-->[:flutter_local_notifications] AndroidManifest.xml:21:13-101
323            android:exported="false" >
323-->[:flutter_local_notifications] AndroidManifest.xml:22:13-37
324            <intent-filter>
324-->[:flutter_local_notifications] AndroidManifest.xml:23:13-28:29